gpg-pubkey-350d275d-6279464b 1652115019 0 (none) installed
libgcc-11.3.1-4.3.el9.aarch64 1681093504 226740 2809960634fc43c78d5aef2e5efe126c installed
crypto-policies-20221215-1.git9a18988.el9_2.1.noarch 1694573529 85220 c0c7fd4962eb9994f0c8dd00ab9e8238 installed
kernel-headers-5.14.0-284.30.1.el9_2.aarch64 1694804202 5815047 30bde053923bb301211d7b412cab219b installed
pyproject-srpm-macros-1.6.2-1.el9.noarch 1681091764 1512 ac9a01ea350636900d090f44d61cf6be installed
qt5-srpm-macros-5.15.3-1.el9.noarch 1666804385 492 a2850318d53d4b4f421a70f9054486ff installed
ocaml-srpm-macros-6-6.el9.noarch 1652800868 745 73be47bd06ff2934c420576ab4426d56 installed
perl-srpm-macros-1-41.el9.noarch 1652557781 862 52f1bf91c8b58cea8094d6e3be4c7f0e installed
openblas-srpm-macros-2-11.el9.noarch 1652484909 104 d4f8d1073512b1b0c44f95a04285ce97 installed
rust-srpm-macros-17-4.el9.noarch 1652267604 2447 f473eb960de326eea8285ce84d1e7972 installed
ghc-srpm-macros-1.5.0-6.el9.noarch 1652267567 535 71fed58726c9a4e11b4ca5eeec6adfe4 installed
rocky-gpg-keys-9.2-1.6.el9.noarch 1686432608 4909 25afd6f2f9d8cfc1815635eb683a4ecf installed
rocky-release-9.2-1.6.el9.noarch 1686432608 21452 d45473faa8cc4971d48e641217a93473 installed
rocky-repos-9.2-1.6.el9.noarch 1686432608 15763 28360823090e67b68de42cb65c536430 installed
setup-2.13.7-9.el9.noarch 1682131311 725907 9c862c5c59f3ee7a366165f2000a6676 installed
filesystem-3.16-2.el9.aarch64 1652567719 106 21d54cdc4d037ecdac2bf3b117b0b40f installed
basesystem-11-13.el9.noarch 1652267550 0 1e84df7870e25521bc4b1abba9c14ec5 installed
libssh-config-0.10.4-8.el9.noarch 1682439066 277 bc0eed1e4aea3be365af911f3d533529 installed
ncurses-base-6.2-8.20210508.el9.noarch 1653576260 307293 35e262a7ff00c0603bf6341813d42306 installed
coreutils-common-8.32-34.el9.aarch64 1682292353 10880498 0cb6420b087d9dff6060bcb23e52e17f installed
pkgconf-m4-1.7.3-10.el9.noarch 1681536714 14187 12b061c94e3a733e9c1e8921ea590501 installed
tzdata-2023c-1.el9.noarch 1680188751 1712614 afb53e41ded87d71c56bb333bea308d1 installed
bash-5.1.8-6.el9_1.aarch64 1674513826 7716255 5c9682e9d5d238178e2d44f6b6def390 installed
ncurses-libs-6.2-8.20210508.el9.aarch64 1653576263 1237751 52607c6f54059cadc977ad9d2b40d8c1 installed
glibc-minimal-langpack-2.34-60.el9_2.7.aarch64 1696521513 0 72c1ffd39fb512c440aabd6ac288e0cc installed
glibc-gconv-extra-2.34-60.el9_2.7.aarch64 1696521513 19346796 18b9e626586ec0832572247dca415921 installed
glibc-common-2.34-60.el9_2.7.aarch64 1696521513 1353405 9958e55ee3f4fe83b5becd741998669b installed
glibc-2.34-60.el9_2.7.aarch64 1696521513 6335676 0d795f91083b814b3add2219218a170e installed
zlib-1.2.11-39.el9.aarch64 1681591983 235473 ffccb60cdb0f6d2f1ccaa60aa52927ea installed
libstdc++-11.3.1-4.3.el9.aarch64 1681093504 2512409 6254bd2fb0082c8f733785c0c6e68447 installed
xz-libs-5.2.5-8.el9_0.aarch64 1655269092 205837 6241b242fb2506646fc17b4ea4d70a36 installed
bzip2-libs-1.0.8-8.el9.aarch64 1652446500 74508 673ee2b55be4f2160ea7fe8cc1c8eb99 installed
libzstd-1.5.1-2.el9.aarch64 1653582658 750403 43ba45ad84facdcb85db7644db885cc7 installed
gmp-1:6.2.0-10.el9.aarch64 1653510129 673140 8b622610cf064732ed0280282572e4d6 installed
libxcrypt-4.4.18-3.el9.aarch64 1653509798 270596 f20b927c77d43204ad49a1658ca6bdb9 installed
mpfr-4.1.0-7.el9.aarch64 1653510378 608531 6166147d76df349652b64c79e3e93b96 installed
elfutils-libelf-0.188-3.el9.aarch64 1681593022 1056040 b0acd8bdc94b7fd3222d5e9eb3a84b2e installed
libuuid-2.37.4-11.el9_2.aarch64 1683655326 70557 8c531a4bd85e2076960f09472b8e2d8a installed
popt-1.18-8.el9.aarch64 1652557571 142488 f1bcac9605780279ad496fe7f5bbefc0 installed
libattr-2.5.1-3.el9.aarch64 1653510107 70269 c43217519565f8e56acf1cd104991f04 installed
libacl-2.3.1-3.el9.aarch64 1652265833 69722 1565969b9038d8c30d34b6e8b3d70229 installed
libcap-2.48-9.el9_2.aarch64 1695148294 507655 c39fd61c4678c25fb312f452057bc160 installed
libmpc-1.2.1-4.el9.aarch64 1652484657 154861 059b7ecec5f7c2de7713e3663598bb1b installed
lz4-libs-1.9.3-5.el9.aarch64 1652484707 137195 49e119aa5c22f61c78f49124bee345d2 installed
readline-8.1-4.el9.aarch64 1652557599 508892 92f93dc0138cf3bffb6a7b4d22a73caf installed
libcom_err-1.46.5-3.el9.aarch64 1667181056 113953 0bc5925c24e0498ef61c18e03773e962 installed
unzip-6.0-56.el9.aarch64 1652567647 482427 efa986119cf72e5ab1f6a8389569adfa installed
file-libs-5.39-12.1.el9_2.aarch64 1690937469 8102683 54b5fed61f0e369e16725c770eb24e4e installed
file-5.39-12.1.el9_2.aarch64 1690937469 143248 b087979e0583be7a5df4884444f51324 installed
sqlite-libs-3.34.1-6.el9_1.aarch64 1674516595 1294872 4e6424f80c5da717f7b3a75ecb270475 installed
alternatives-1.20-2.el9.aarch64 1652446381 92344 e4c8f3c47ae23b9912e61fc630e49a62 installed
libcap-ng-0.8.2-7.el9.aarch64 1652484758 164940 62630f1089446dda9fe4a84802858555 installed
audit-libs-3.0.7-103.el9.aarch64 1666652426 298945 7d51383e200828a2611deaa05bd2cc60 installed
libsigsegv-2.13-4.el9.aarch64 1652567553 99362 1b2ff67d29316f1a5d2fc2df191f4c6c installed
gawk-5.1.0-6.el9.aarch64 1652800371 2416174 ee8d1dcd221d71492b3f1826666af149 installed
libunistring-0.9.10-15.el9.aarch64 1652567972 1630283 f171d3b2e551e8b27f35fd8bade795ea installed
libidn2-2.3.0-7.el9.aarch64 1652484848 257420 9f1beeb1b9facf2f71b7dc48946ba26e installed
libsmartcols-2.37.4-11.el9_2.aarch64 1683655326 163243 f938fbc4ae1abd11bcf5ee40cb16597e installed
libffi-3.4.2-7.el9.aarch64 1653510126 90769 a9290233eaa32f1c07394313210683fc installed
p11-kit-0.24.1-2.el9.aarch64 1653576504 1787358 468eae53a5754af6c2edba392fcbff74 installed
libsepol-3.5-1.el9.aarch64 1681356494 763019 0052712847b99ef052b24466e0745b12 installed
lua-libs-5.4.4-3.el9.aarch64 1682524462 606270 050dbe95af75ea347005395d43883087 installed
libgomp-11.3.1-4.3.el9.aarch64 1681093504 400196 9466af9333b1f7893347aae8e2a9f02a installed
zip-3.0-35.el9.aarch64 1682535991 776975 b37be4d28ec45a4de171364cc64e8ffc installed
zstd-1.5.1-2.el9.aarch64 1653582658 947522 2d0637004754da152667a589728d0bda installed
cpp-11.3.1-4.3.el9.aarch64 1681093504 29178892 19c87e63a350edb08f47ffdb68ae37c2 installed
dwz-0.14-3.el9.aarch64 1653510063 330526 7be4693139c311fbad5f205a0f197de8 installed
bzip2-1.0.8-8.el9.aarch64 1652446500 177632 48c7d149e0dfc495e7ea5af4dd475b33 installed
libxml2-2.9.13-3.el9_2.1.aarch64 1690924564 2027804 bfb8d082bf9175a764659c67985d40ec installed
groff-base-1.22.4-10.el9.aarch64 1652446386 4285902 a5e3da94ee1c5f1039d017c537732aa3 installed
libubsan-11.3.1-4.3.el9.aarch64 1681093504 419424 361521fe8cf02af5572491bb9ef83ee6 installed
libstdc++-devel-11.3.1-4.3.el9.aarch64 1681093504 13278306 f8f08e2e1430beb128c8bce77dce8a3e installed
libasan-11.3.1-4.3.el9.aarch64 1681093504 1283846 6009faeef3ee2f5e46d0f0ee84d2664b installed
info-6.7-15.el9.aarch64 1652568124 564795 f1f3b32ae0040448493002c40cc73fb5 installed
ed-1.14.2-12.el9.aarch64 1652567978 146331 437478a433e878264f0f0365e1430603 installed
libverto-0.3.2-3.el9.aarch64 1652484949 71189 e4d77f54c6b777ac7d4c0e30a8426834 installed
cpio-2.13-16.el9.aarch64 1652567623 1079576 931c66d19910c2c4e0225cccca8749f4 installed
libnghttp2-1.43.0-5.el9_2.1.aarch64 1697644536 202308 0f90a74d8c57241746230fba507cc5f6 installed
libpkgconf-1.7.3-10.el9.aarch64 1681536722 70873 4618cda73e6911f0eaa2791a609f6649 installed
pkgconf-1.7.3-10.el9.aarch64 1681536722 102226 bd3707197944385e62f1aa16f000115a installed
pkgconf-pkg-config-1.7.3-10.el9.aarch64 1681536722 1204 6fcaf73cf048afe3950ad558bf1c973c installed
libxcrypt-devel-4.4.18-3.el9.aarch64 1653509798 31019 6de53a8f34ae8901dcb588b983589017 installed
glibc-devel-2.34-60.el9_2.7.aarch64 1696521513 2258019 73dcc5e1fb1014bf0a6238926623ef42 installed
diffutils-3.7-12.el9.aarch64 1652899809 1540605 4b739901ebca985a8b8e1f4115ea8607 installed
libedit-3.1-37.20210216cvs.el9.aarch64 1653510294 284511 a29eb9c7d7c659ba989bae0cc2ca4892 installed
llvm-libs-15.0.7-1.el9.aarch64 1681235903 87370280 ea97a1560f114a6c50867213819e08e5 installed
keyutils-libs-1.6.3-1.el9.aarch64 1681766932 100107 300278f4c1056e876eb8222057705d9e installed
libtasn1-4.16.0-8.el9_1.aarch64 1674521531 224068 d0265c50ec7c164e9b52525bf08a9d75 installed
p11-kit-trust-0.24.1-2.el9.aarch64 1653576504 541423 c8ef4d6963afdbd40743b04ec8a44b06 installed
libgpg-error-1.42-5.el9.aarch64 1653510385 918488 716b574d895e0587b004db9d0fa138ef installed
libgcrypt-1.10.0-10.el9_2.aarch64 1683633846 1040058 e12cbe68b820b96bb7e916182743a919 installed
pcre-8.44-3.el9.3.aarch64 1653562944 567424 6f29bde7ad63f666d0d2c79d2231198f installed
grep-3.6-5.el9.aarch64 1652567761 837104 48a84a9e0602fd93869b82a268ca176d installed
xz-5.2.5-8.el9_0.aarch64 1655269092 787899 cd45da828a1530a8a72712fc1ab05b75 installed
ncurses-6.2-8.20210508.el9.aarch64 1653576263 906612 de49fed9c75111037d225d46c6840700 installed
perl-Text-Tabs+Wrap-2013.0523-460.el9.noarch 1652557682 24828 ed74b8cc464892bdf00d0fa518544448 installed
perl-Pod-Escapes-1:1.07-460.el9.noarch 1652557859 25764 63ff5de8c9a9c6dbcf5936924e585158 installed
perl-if-0:0.60.800-480.el9.noarch 1681324517 6874 d480f19230b44c083553c93556bb8ab2 installed
perl-File-Path-2.18-4.el9.noarch 1652267626 65333 0913f114ee7544e2c36b3c1306b3cacd installed
perl-Time-Local-2:1.300-7.el9.noarch 1652267583 67344 1ceb12a5fab9494f14aeeae4f98974f8 installed
perl-Term-ANSIColor-5.01-461.el9.noarch 1652557901 100303 bcbdb440e6a83451175d8d5d92e6d3e9 installed
perl-Term-Cap-1.17-460.el9.noarch 1652557643 29851 5d3633d6d7a2efa3b4fd837f0d0ee7a5 installed
perl-subs-0:1.03-480.el9.noarch 1681324517 3061 7ff96a890d77d650f491143501bc73d8 installed
perl-POSIX-0:1.94-480.el9.aarch64 1681324524 264395 58e6b9fc386f12e8981e22560714fc62 installed
perl-Pod-Simple-1:3.42-4.el9.noarch 1652267663 577293 82d3854aa1de3ebb86a9312a6340e90f installed
perl-Class-Struct-0:0.66-480.el9.noarch 1681324517 26953 42e86a1f81fd8eb3ae7de194f9eb1693 installed
perl-HTTP-Tiny-0.076-460.el9.noarch 1652557585 150122 9c1252da2c86fa48bf79c663d212dcb5 installed
perl-File-Temp-1:0.231.100-4.el9.noarch 1652801313 166550 f59e524679a0053d68e5543e8e7e314f installed
perl-IPC-Open3-0:1.21-480.el9.noarch 1681324517 25045 04f7bd9a67bb9fad2cc335a3af6d848a installed
perl-Socket-4:2.031-4.el9.aarch64 1653562862 145329 9a331bda0cbf85f3a10ebc89107770ef installed
perl-Symbol-0:1.08-480.el9.noarch 1681324517 7847 82dc059d3bc037d22bf5c062da500118 installed
perl-SelectSaver-0:1.02-480.el9.noarch 1681324517 3171 e8be37d350d415c259b78fa2d28f31e8 installed
perl-podlators-1:4.14-460.el9.noarch 1652557565 288742 864e09f41a0c45d691723f240e3fb11e installed
perl-Pod-Perldoc-3.28.01-461.el9.noarch 1652267564 170960 83cda205537bd2ad32547af109e20f11 installed
perl-File-stat-0:1.09-480.el9.noarch 1681324517 13949 acc240fb36ae95196f1478111a9858fd installed
perl-Text-ParseWords-3.30-460.el9.noarch 1652267600 13101 f0cff9642d107f0207c44c00e68af130 installed
perl-overloading-0:0.02-480.el9.noarch 1681324517 5893 b6141cbb61c05fe16490e3bed1cfb1d3 installed
perl-mro-0:1.23-480.el9.aarch64 1681324524 84227 bfd6ad2e6e18c44aa1b4e25986e7a78a installed
perl-Pod-Usage-4:2.01-4.el9.noarch 1652267606 87186 98f6af2a3d64753ac904d5d9407e878e installed
perl-IO-0:1.43-480.el9.aarch64 1681324524 203874 57e8e1b4979b9b76e45f266f0c5c9595 installed
perl-Fcntl-0:1.13-480.el9.aarch64 1681324524 74972 82c119270dba3c59787b979b3af546a4 installed
perl-constant-1.33-461.el9.noarch 1652557763 27104 9def8d849f19f95aa49c79b4135ee214 installed
perl-Scalar-List-Utils-4:1.56-461.el9.aarch64 1652557509 151676 897f51c09b893f8bcbbee92c6671dc0f installed
perl-Storable-1:3.21-460.el9.aarch64 1652557585 248772 3a28c0f3dc5c7e2cbec7df23f5a7fe88 installed
perl-MIME-Base64-3.16-4.el9.aarch64 1652557671 97161 6a21895757e866500f274f2149ad938d installed
perl-vars-0:1.05-480.el9.noarch 1681324517 4926 19ae1ce28cf4d95ed79ff58951cc5220 installed
perl-overload-0:1.31-480.el9.noarch 1681324517 72822 8c5f94bbf25a16f2543567465b990ec8 installed
perl-Getopt-Std-0:1.12-480.el9.noarch 1681324517 12107 399b7228f82ea150c792970d0e3d5743 installed
perl-File-Basename-0:2.85-480.el9.noarch 1681324517 15339 15ee4a0df67ece5e1edc2b1116d62437 installed
perl-Errno-0:1.30-480.el9.aarch64 1681324524 9537 62de2ad86313b5e8a058a903b61170bb installed
perl-parent-1:0.238-460.el9.noarch 1653563243 9535 cd964be73bdf6940a87b3d0fe0476847 installed
perl-Getopt-Long-1:2.52-4.el9.noarch 1652267711 139937 d27908b132dda891df7dc6951fa2c34b installed
perl-Exporter-5.74-461.el9.noarch 1652267594 55359 c01c2a31a2561b748052cc0463c35215 installed
perl-Carp-1.50-460.el9.noarch 1652557083 47889 5b75bfe3554dc7e88dd88baaf4ea1a03 installed
perl-PathTools-3.78-461.el9.aarch64 1652557565 231550 c3acde071079dc779ef36e88b576c47a installed
perl-Encode-4:3.08-462.el9.aarch64 1652557509 10374058 6b79d0ece3df6ddce73bb3215e898bfd installed
perl-libs-4:5.32.1-480.el9.aarch64 1681324524 9046693 1dbb1e9f55c87124246fc0a4f2e03a5e installed
perl-interpreter-4:5.32.1-480.el9.aarch64 1681324524 173109 43b2a26b3db9d951dfb1c4bcee7b888a installed
kernel-srpm-macros-1.0-12.el9.noarch 1681091766 16918 4afe5c032237df73baaa1fca4fea2667 installed
libdb-5.3.28-53.el9.aarch64 1652485070 1758454 2d814fa3e6001e8a793d6296f5013eb6 installed
libatomic-11.3.1-4.3.el9.aarch64 1681093504 70586 0e8c59af4926ba0dccf31d837107fdcc installed
libeconf-0.4.1-3.el9_2.aarch64 1690924567 74171 b8c8b40407fdb26b6d16299e6534e5a1 installed
gdbm-libs-1:1.19-4.el9.aarch64 1652195015 173386 6d26c07d6a1dd26b623e61e25fabe978 installed
make-1:4.3-7.el9.aarch64 1652567585 1736870 a1b29470c332b0c8abb9e15e1d6f6681 installed
libbrotli-1.0.9-6.el9.aarch64 1652265808 800426 109b8aab7336e94dd03d0dc2c8bd04e7 installed
elfutils-default-yama-scope-0.188-3.el9.noarch 1681593019 1810 b1044ff3400d1144d2d59c2a12d054e6 installed
elfutils-libs-0.188-3.el9.aarch64 1681593022 696901 f40a919131e62bff62246ce64d27653f installed
pcre2-syntax-10.40-2.el9.noarch 1667115951 234324 1573427a88007995fe7918f38a324e48 installed
pcre2-10.40-2.el9.aarch64 1667115952 665738 746b53b42790d4107309080b76c5492f installed
libselinux-3.5-1.el9.aarch64 1681357218 205117 97fdb7579dc0138a08eb757b0078eb13 installed
sed-4.8-9.el9.aarch64 1652568124 833863 601492e9b20b558d627e352088aab4e3 installed
findutils-1:4.8.0-5.el9.aarch64 1652568032 1807134 c6abf62446c0ba552ecc7dede8485950 installed
openssl-libs-1:3.0.7-17.el9_2.aarch64 1690927832 6423564 6abc4490890ca620d755062b72faac2e installed
coreutils-8.32-34.el9.aarch64 1682292353 8518714 895c3e868249400cfb761e06d9009018 installed
ca-certificates-2023.2.60_v7.0.306-90.1.el9_2.noarch 1694587905 2354652 e0ef61291e4078224c329f3c7825d8d3 installed
libblkid-2.37.4-11.el9_2.aarch64 1683655326 270521 edd624d3330f3d49f272e0e37764c606 installed
krb5-libs-1.20.1-9.el9_2.aarch64 1687465365 2388496 e1443399076fe773e8524cd9e1999798 installed
libmount-2.37.4-11.el9_2.aarch64 1683655326 363181 edcbf3bb01fac71db09e859fd52f34cd installed
gzip-1.12-1.el9.aarch64 1667088951 421717 296cb3a8f8eca2e717148c7ca312e417 installed
cracklib-2.9.6-27.el9.aarch64 1654018891 431178 43f63d5d9b8bc981aabdbda1e73c1344 installed
systemd-libs-252-14.el9_2.3.0.1.aarch64 1692855767 1976568 86d5b13007d2ceebd7a5c43797ed6f92 installed
util-linux-core-2.37.4-11.el9_2.aarch64 1683655326 2214327 ba2f8d6f190fecd79266ae66652f361e installed
cracklib-dicts-2.9.6-27.el9.aarch64 1654018891 9815154 4200739f84e8d208241f8426f7f6f774 installed
libssh-0.10.4-8.el9.aarch64 1682439068 527027 e76f84b75a30dd58fb0b35c5f59944a9 installed
cyrus-sasl-lib-2.1.27-21.el9.aarch64 1681491790 2456576 b1ad1f80de616d24fa27f6c105c9bf6e installed
libfdisk-2.37.4-11.el9_2.aarch64 1683655326 371635 1c06b81cf8480f2dce38114b1bfa5973 installed
openssl-1:3.0.7-17.el9_2.aarch64 1690927832 1852925 277ae34f75eac35e172d1df7e0052fe3 installed
libpwquality-1.4.4-8.el9.aarch64 1653510130 612232 11c81a0901f33974b3fedc3b5d8ab290 installed
pam-1.5.1-14.el9.aarch64 1681335511 4634433 300e73778bad2d4f42856d7905e92266 installed
libarchive-3.5.3-4.el9.aarch64 1682093861 930486 4260b6f1bbd759d1e525558706869b5a installed
libevent-2.1.12-6.el9.aarch64 1653510352 1135978 67878004385b13238449fd2944c0dd0c installed
openldap-2.6.2-3.el9.aarch64 1667289490 1043404 528a04262ba487a5c8ca34276478633e installed
libsemanage-3.5-1.el9.aarch64 1681357892 306750 8c752305e51f79f49b636249337a3a4e installed
shadow-utils-2:4.9-6.el9.aarch64 1681622196 4258843 b8d76ff132cc50237b3b1fa92ad96879 installed
libutempter-1.2.1-6.el9.aarch64 1652567618 165513 8b5f8b9736171546fc574b6317b182c4 installed
tar-2:1.34-6.el9_1.aarch64 1677603438 3174805 fd7ada9e2ea8fbe846d917eaccbcb0bb installed
patch-2.7.6-16.el9.aarch64 1652557519 268754 c40d0262ba1124a1bb011ce713f37318 installed
publicsuffix-list-dafsa-20210518-3.el9.noarch 1652444449 68815 d1ed826a6c010597e8edb6dc130b0901 installed
libpsl-0.21.1-5.el9.aarch64 1653510376 135808 72c87a9c6961236a97b142049c428df0 installed
libcurl-7.76.1-23.el9_2.4.aarch64 1697556834 609798 af6c09589352056e94309a976426119b installed
elfutils-debuginfod-client-0.188-3.el9.aarch64 1681593022 142623 c23145853a171380d184da6cc2d06929 installed
binutils-gold-2.35.2-37.el9.aarch64 1681327457 2697507 19edc4fce83fb024d87a0cb12187e69f installed
binutils-2.35.2-37.el9.aarch64 1681327457 27380175 18c15e74262b14cbd9e059c1744f5b79 installed
gcc-11.3.1-4.3.el9.aarch64 1681093504 79673571 632792c05ba8dbca76d8ab8d5a2b6a18 installed
annobin-11.05-1.el9.aarch64 1681322911 1161978 fc9f29a200fa5525367ea00b6bdce74d installed
gcc-plugin-annobin-11.3.1-4.3.el9.aarch64 1681093504 69771 bd0d3329fa02ecca548da7d2914720c2 installed
elfutils-0.188-3.el9.aarch64 1681593022 3329458 6e48babdf890fa63c103d485a011e93e installed
gdb-minimal-10.2-10.el9.0.1.aarch64 1695228634 9660398 d47c63e859d088f4188e21f29a051759 installed
curl-7.76.1-23.el9_2.4.aarch64 1697556834 696665 46302129dae497706556550f3f106ab0 installed
rpm-libs-4.16.1.3-22.el9.aarch64 1682124372 817548 04a017445a249fe533bb83e55c8e655c installed
rpm-4.16.1.3-22.el9.aarch64 1682124372 2993961 2a44a11c3bc47ca5b925075f5a01a722 installed
efi-srpm-macros-6-2.el9_0.noarch 1653178850 41043 54ec93ffc50a97134d68cad135ce9d80 installed
lua-srpm-macros-1-6.el9.noarch 1652484897 1314 870f5bd7a9f316ac2a42d6cda3bc6d41 installed
python-srpm-macros-3.9-52.el9.noarch 1652267549 37100 b7980c4834da4d6c2a75e4e909e1d1ab installed
fonts-srpm-macros-1:2.0.5-7.el9.1.noarch 1652446192 56503 356003bd30cda7187d766cba0c547d8c installed
go-srpm-macros-3.2.0-1.el9.noarch 1681091771 61043 247d519faece87e4d863b6e7c62cd522 installed
redhat-rpm-config-199-1.el9.noarch 1682567318 191186 731e55dc00af6dbd0922df9e8a63172f installed
rpm-build-libs-4.16.1.3-22.el9.aarch64 1682124372 202398 8df9b6740e68672d534b375d46c504c9 installed
rpm-build-4.16.1.3-22.el9.aarch64 1682124372 488274 460db07ce5c130debdd6d771f70ed7f3 installed
gcc-c++-11.3.1-4.3.el9.aarch64 1681093504 32266855 7650a4d96793f40f4b6211e24c1020cc installed
util-linux-2.37.4-11.el9_2.aarch64 1683655326 13939115 3e85e116aa9bdbfd7033f750873947d7 installed
which-2.21-28.el9.aarch64 1667109075 123197 5397a01ebe8913d6855017379dfb1355 installed
nspr-4.35.0-3.el9_2.aarch64 1694568869 426920 3da45cfc7165f043b7fdac61128764e6 installed
nss-util-3.90.0-3.el9_2.aarch64 1694568869 221336 44026c718e96621041ecfac5b7950986 installed
expat-2.5.0-1.el9.aarch64 1681979646 341477 4bfa9e923d8a8721111540706e87d8e5 installed
nss-softokn-freebl-3.90.0-3.el9_2.aarch64 1694568869 686902 8c3076320be1ad1c142488edc94b23cd installed
nss-softokn-3.90.0-3.el9_2.aarch64 1694568869 1442555 8f3ac2d7fe41f7e4b21864561b7e0a68 installed
zlib-devel-1.2.11-39.el9.aarch64 1681591983 141092 3c39608d7a1d74b53ebc94231d97ddda installed
emacs-filesystem-1:27.2-8.el9_2.1.noarch 1683666622 0 0cf38248c316b1d07c5ad4a52e5bd278 installed
perl-DynaLoader-0:1.47-480.el9.aarch64 1681324524 33065 d0488ac360fbb0812da15c794b749d8d installed
perl-TermReadKey-2.38-11.el9.aarch64 1652557599 111218 9bd10b3fc14c8e9d94ec34aa7d53fbfc installed
perl-File-Find-0:1.37-480.el9.noarch 1681324517 39638 062c189a92ba11ff1384a02664095f25 installed
perl-lib-0:0.65-480.el9.aarch64 1681324524 9672 57b92210a504c7000249fc760af397ae installed
perl-Error-1:0.17029-7.el9.noarch 1652557689 79692 13ebcdbd3ca8a9d5b81d2d9f810f815d installed
openssh-8.7p1-30.el9_2.aarch64 1690947943 1960510 e0a526004cac0ce153fbe771e5fdd9a1 installed
libcbor-0.7.0-5.el9.aarch64 1653562949 99849 7bec1f8a88cdafc6f3bf9fbcd85f8b6d installed
libfido2-1.6.0-7.el9.aarch64 1652568032 212419 a70f9eb058c675ffaf08e577ae774eb6 installed
openssh-clients-8.7p1-30.el9_2.aarch64 1690947943 2082117 73b545a5a5ebd5be406e4c3393e97f97 installed
less-590-2.el9_2.aarch64 1687455178 478520 c25b8061a8b855fceb0482ce5d660cc2 installed
git-core-2.39.3-1.el9_2.aarch64 1684738884 20112571 47c903612a3f79054590d3889f100b10 installed
git-core-doc-2.39.3-1.el9_2.noarch 1684738884 17299641 36daa6d972430f4c915b4000182f6029 installed
perl-Git-2.39.3-1.el9_2.noarch 1684738884 66673 6f4f35d9d57edfcf3cc70adc64d50680 installed
git-2.39.3-1.el9_2.aarch64 1684738884 135731 2fac6f25da8358f79677b78dcb72cdfd installed
python3-setuptools-wheel-53.0.0-12.el9.noarch 1682304797 562584 6ff272eb8366a638ff9039ee0cc7d16b installed
python3-pip-wheel-21.2.3-6.el9.noarch 1652557403 1220547 b0902cc73991428da7a470057e8e99cb installed
python3-3.9.16-1.el9_2.2.aarch64 1696525199 85680 b3d9f38fc736453be0f65ee831f5bd54 installed
python3-libs-3.9.16-1.el9_2.2.aarch64 1696525199 34448550 2c2b3759f0c1bb7d651aaa25778f2065 installed
crypto-policies-scripts-20221215-1.git9a18988.el9_2.1.noarch 1694573529 236175 bd79ad750d0e16b330c90bf1e21c05e9 installed
nss-sysinit-3.90.0-3.el9_2.aarch64 1694568869 71217 5988ca1b3844dc6184e8b8b5838afab8 installed
nss-3.90.0-3.el9_2.aarch64 1694568869 1791148 4fb339a91c4a6f0783fbba82b5750582 installed
nss-tools-3.90.0-3.el9_2.aarch64 1694568869 1974380 2ba94c3daf444ee6f5b9599c494495fe installed
efivar-libs-38-3.el9.aarch64 1682294967 407610 6fe34220f272ee783b9562b79b9c449c installed
pesign-115-6.el9_1.rocky.2.aarch64 1678119761 945934 5cf92733a406557a27691d37f6e1d03f installed
elfutils-libelf-devel-0.188-3.el9.aarch64 1681593022 34389 9cc3dfe94342df767fb383bbfd440201 installed
openssl-devel-1:3.0.7-17.el9_2.aarch64 1690927832 4878690 52f7bd93cc6df387647be767253df35f installed
dos2unix-7.4.2-4.el9.aarch64 1652567838 748639 36e487e722a796690ac26d72882f1bbe installed
